<?xml version="1.0" encoding="UTF-8"?>
<testng-results ignored="0" total="2" passed="2" failed="0" skipped="0">
  <reporter-output>
  </reporter-output>
  <suite started-at="2024-12-30T12:11:31 IST" name="Suite" finished-at="2024-12-30T12:11:40 IST" duration-ms="9291">
    <groups>
      <group name="Master">
        <method signature="TC001_AccountRegistrationTest.verify_accreg()[pri:0, instance:testCases.TC001_AccountRegistrationTest@172b013]" name="verify_accreg" class="testCases.TC001_AccountRegistrationTest"/>
        <method signature="TC002_LoginTest.verify_login()[pri:0, instance:testCases.TC002_LoginTest@62010f5c]" name="verify_login" class="testCases.TC002_LoginTest"/>
      </group> <!-- Master -->
      <group name="Sanity">
        <method signature="TC002_LoginTest.verify_login()[pri:0, instance:testCases.TC002_LoginTest@62010f5c]" name="verify_login" class="testCases.TC002_LoginTest"/>
      </group> <!-- Sanity -->
      <group name="Regression">
        <method signature="TC001_AccountRegistrationTest.verify_accreg()[pri:0, instance:testCases.TC001_AccountRegistrationTest@172b013]" name="verify_accreg" class="testCases.TC001_AccountRegistrationTest"/>
      </group> <!-- Regression -->
    </groups>
    <test started-at="2024-12-30T12:11:31 IST" name="Test" finished-at="2024-12-30T12:11:40 IST" duration-ms="9291">
      <class name="testCases.TC002_LoginTest">
        <test-method is-config="true" signature="setup(java.lang.String,java.lang.String)[pri:0, instance:testCases.TC002_LoginTest@62010f5c]" started-at="2024-12-30T12:11:37 IST" name="setup" finished-at="2024-12-30T12:11:39 IST" duration-ms="1893" status="PASS">
          <params>
            <param index="0">
              <value>
                <![CDATA[Windows]]>
              </value>
            </param>
            <param index="1">
              <value>
                <![CDATA[chrome]]>
              </value>
            </param>
          </params>
          <reporter-output>
          </reporter-output>
        </test-method> <!-- setup -->
        <test-method signature="verify_login()[pri:0, instance:testCases.TC002_LoginTest@62010f5c]" started-at="2024-12-30T12:11:39 IST" name="verify_login" finished-at="2024-12-30T12:11:40 IST" duration-ms="1124" status="PASS">
          <reporter-output>
          </reporter-output>
        </test-method> <!-- verify_login -->
        <test-method is-config="true" signature="tearDown()[pri:0, instance:testCases.TC002_LoginTest@62010f5c]" started-at="2024-12-30T12:11:40 IST" name="tearDown" finished-at="2024-12-30T12:11:40 IST" duration-ms="204" status="PASS">
          <reporter-output>
          </reporter-output>
        </test-method> <!-- tearDown -->
      </class> <!-- testCases.TC002_LoginTest -->
      <class name="testCases.TC001_AccountRegistrationTest">
        <test-method is-config="true" signature="setup(java.lang.String,java.lang.String)[pri:0, instance:testCases.TC001_AccountRegistrationTest@172b013]" started-at="2024-12-30T12:11:31 IST" name="setup" finished-at="2024-12-30T12:11:34 IST" duration-ms="2835" status="PASS">
          <params>
            <param index="0">
              <value>
                <![CDATA[Windows]]>
              </value>
            </param>
            <param index="1">
              <value>
                <![CDATA[chrome]]>
              </value>
            </param>
          </params>
          <reporter-output>
          </reporter-output>
        </test-method> <!-- setup -->
        <test-method signature="verify_accreg()[pri:0, instance:testCases.TC001_AccountRegistrationTest@172b013]" started-at="2024-12-30T12:11:34 IST" name="verify_accreg" finished-at="2024-12-30T12:11:36 IST" duration-ms="2861" status="PASS">
          <reporter-output>
          </reporter-output>
        </test-method> <!-- verify_accreg -->
        <test-method is-config="true" signature="tearDown()[pri:0, instance:testCases.TC001_AccountRegistrationTest@172b013]" started-at="2024-12-30T12:11:36 IST" name="tearDown" finished-at="2024-12-30T12:11:37 IST" duration-ms="184" status="PASS">
          <reporter-output>
          </reporter-output>
        </test-method> <!-- tearDown -->
      </class> <!-- testCases.TC001_AccountRegistrationTest -->
    </test> <!-- Test -->
  </suite> <!-- Suite -->
</testng-results>
