<?xml version="1.0" encoding="UTF-8"?>
<testng-results ignored="0" total="2" passed="2" failed="0" skipped="0">
  <reporter-output>
  </reporter-output>
  <suite started-at="2024-12-30T11:48:24 IST" name="Suite" finished-at="2024-12-30T11:48:33 IST" duration-ms="8802">
    <groups>
      <group name="Master">
        <method signature="TC001_AccountRegistrationTest.verify_accreg()[pri:0, instance:testCases.TC001_AccountRegistrationTest@34997338]" name="verify_accreg" class="testCases.TC001_AccountRegistrationTest"/>
        <method signature="TC002_LoginTest.verify_login()[pri:0, instance:testCases.TC002_LoginTest@7c209437]" name="verify_login" class="testCases.TC002_LoginTest"/>
      </group> <!-- Master -->
      <group name="Sanity">
        <method signature="TC002_LoginTest.verify_login()[pri:0, instance:testCases.TC002_LoginTest@7c209437]" name="verify_login" class="testCases.TC002_LoginTest"/>
      </group> <!-- Sanity -->
      <group name="Regression">
        <method signature="TC001_AccountRegistrationTest.verify_accreg()[pri:0, instance:testCases.TC001_AccountRegistrationTest@34997338]" name="verify_accreg" class="testCases.TC001_AccountRegistrationTest"/>
      </group> <!-- Regression -->
    </groups>
    <test started-at="2024-12-30T11:48:24 IST" name="Test" finished-at="2024-12-30T11:48:33 IST" duration-ms="8802">
      <class name="testCases.TC002_LoginTest">
        <test-method is-config="true" signature="setup(java.lang.String,java.lang.String)[pri:0, instance:testCases.TC002_LoginTest@7c209437]" started-at="2024-12-30T11:48:29 IST" name="setup" finished-at="2024-12-30T11:48:31 IST" duration-ms="1954" status="PASS">
          <params>
            <param index="0">
              <value>
                <![CDATA[Windows]]>
              </value>
            </param>
            <param index="1">
              <value>
                <![CDATA[chrome]]>
              </value>
            </param>
          </params>
          <reporter-output>
          </reporter-output>
        </test-method> <!-- setup -->
        <test-method signature="verify_login()[pri:0, instance:testCases.TC002_LoginTest@7c209437]" started-at="2024-12-30T11:48:31 IST" name="verify_login" finished-at="2024-12-30T11:48:32 IST" duration-ms="1059" status="PASS">
          <reporter-output>
          </reporter-output>
        </test-method> <!-- verify_login -->
        <test-method is-config="true" signature="tearDown()[pri:0, instance:testCases.TC002_LoginTest@7c209437]" started-at="2024-12-30T11:48:32 IST" name="tearDown" finished-at="2024-12-30T11:48:33 IST" duration-ms="141" status="PASS">
          <reporter-output>
          </reporter-output>
        </test-method> <!-- tearDown -->
      </class> <!-- testCases.TC002_LoginTest -->
      <class name="testCases.TC001_AccountRegistrationTest">
        <test-method is-config="true" signature="setup(java.lang.String,java.lang.String)[pri:0, instance:testCases.TC001_AccountRegistrationTest@34997338]" started-at="2024-12-30T11:48:24 IST" name="setup" finished-at="2024-12-30T11:48:28 IST" duration-ms="3680" status="PASS">
          <params>
            <param index="0">
              <value>
                <![CDATA[Windows]]>
              </value>
            </param>
            <param index="1">
              <value>
                <![CDATA[chrome]]>
              </value>
            </param>
          </params>
          <reporter-output>
          </reporter-output>
        </test-method> <!-- setup -->
        <test-method signature="verify_accreg()[pri:0, instance:testCases.TC001_AccountRegistrationTest@34997338]" started-at="2024-12-30T11:48:28 IST" name="verify_accreg" finished-at="2024-12-30T11:48:29 IST" duration-ms="1591" status="PASS">
          <reporter-output>
          </reporter-output>
        </test-method> <!-- verify_accreg -->
        <test-method is-config="true" signature="tearDown()[pri:0, instance:testCases.TC001_AccountRegistrationTest@34997338]" started-at="2024-12-30T11:48:29 IST" name="tearDown" finished-at="2024-12-30T11:48:29 IST" duration-ms="164" status="PASS">
          <reporter-output>
          </reporter-output>
        </test-method> <!-- tearDown -->
      </class> <!-- testCases.TC001_AccountRegistrationTest -->
    </test> <!-- Test -->
  </suite> <!-- Suite -->
</testng-results>
